2020-10-14 09:03:02.0151||DEBUG|APIGateway.Program|init main function 
2020-10-14 09:03:03.6022||INFO|Microsoft.Hosting.Lifetime|Application started. Press Ctrl+C to shut down. 
2020-10-14 09:03:03.6022||INFO|Microsoft.Hosting.Lifetime|Hosting environment: Development 
2020-10-14 09:03:03.6154||INFO|Microsoft.Hosting.Lifetime|Content root path: C:\iFind\iFind\APIGateway 
2020-10-14 09:03:03.7560||INFO|Ocelot.RateLimit.Middleware.ClientRateLimitMiddleware|requestId: 80000037-0002-ff00-b63f-84710c7967bb, previousRequestId: no previous request id, message: EndpointRateLimiting is not enabled for /v1/users/{id} 
2020-10-14 09:03:03.7560||INFO|Ocelot.Authentication.Middleware.AuthenticationMiddleware|requestId: 80000037-0002-ff00-b63f-84710c7967bb, previousRequestId: no previous request id, message: No authentication needed for /v1/users/all 
2020-10-14 09:03:03.7560||INFO|Ocelot.Authorisation.Middleware.AuthorisationMiddleware|requestId: 80000037-0002-ff00-b63f-84710c7967bb, previousRequestId: no previous request id, message: /v1/users/{id} route does not require user to be authorised 
2020-10-14 09:03:04.1406||WARN|Ocelot.Requester.Middleware.HttpRequesterMiddleware|requestId: 80000037-0002-ff00-b63f-84710c7967bb, previousRequestId: no previous request id, message: 401 (Unauthorized) status code, request uri: http://localhost:5100/v1/users/all 
2020-10-14 09:03:09.7228||INFO|Ocelot.RateLimit.Middleware.ClientRateLimitMiddleware|requestId: 80000036-0000-ff00-b63f-84710c7967bb, previousRequestId: no previous request id, message: EndpointRateLimiting is not enabled for /v1/login 
2020-10-14 09:03:09.7228||INFO|Ocelot.Authentication.Middleware.AuthenticationMiddleware|requestId: 80000036-0000-ff00-b63f-84710c7967bb, previousRequestId: no previous request id, message: No authentication needed for /v1/login 
2020-10-14 09:03:09.7228||INFO|Ocelot.Authorisation.Middleware.AuthorisationMiddleware|requestId: 80000036-0000-ff00-b63f-84710c7967bb, previousRequestId: no previous request id, message: /v1/login route does not require user to be authorised 
2020-10-14 09:03:12.8898||INFO|Ocelot.Requester.Middleware.HttpRequesterMiddleware|requestId: 80000036-0000-ff00-b63f-84710c7967bb, previousRequestId: no previous request id, message: 200 (OK) status code, request uri: http://localhost:5100/v1/login 
2020-10-14 09:43:58.2840||DEBUG|APIGateway.Program|init main function 
2020-10-14 09:43:59.6485||INFO|Microsoft.Hosting.Lifetime|Application started. Press Ctrl+C to shut down. 
2020-10-14 09:43:59.6485||INFO|Microsoft.Hosting.Lifetime|Hosting environment: Development 
2020-10-14 09:43:59.6597||INFO|Microsoft.Hosting.Lifetime|Content root path: C:\iFind\iFind\APIGateway 
2020-10-14 09:43:59.8018||INFO|Ocelot.RateLimit.Middleware.ClientRateLimitMiddleware|requestId: 8000002a-0000-fd00-b63f-84710c7967bb, previousRequestId: no previous request id, message: EndpointRateLimiting is not enabled for /v1/login 
2020-10-14 09:43:59.8018||INFO|Ocelot.Authentication.Middleware.AuthenticationMiddleware|requestId: 8000002a-0000-fd00-b63f-84710c7967bb, previousRequestId: no previous request id, message: No authentication needed for /v1/login 
2020-10-14 09:43:59.8127||INFO|Ocelot.Authorisation.Middleware.AuthorisationMiddleware|requestId: 8000002a-0000-fd00-b63f-84710c7967bb, previousRequestId: no previous request id, message: /v1/login route does not require user to be authorised 
2020-10-14 09:44:02.5275||INFO|Ocelot.Requester.Middleware.HttpRequesterMiddleware|requestId: 8000002a-0000-fd00-b63f-84710c7967bb, previousRequestId: no previous request id, message: 200 (OK) status code, request uri: http://localhost:5100/v1/login 
2020-10-14 09:44:31.0777||INFO|Ocelot.RateLimit.Middleware.ClientRateLimitMiddleware|requestId: 8000002b-0000-fd00-b63f-84710c7967bb, previousRequestId: no previous request id, message: EndpointRateLimiting is not enabled for /v1/users/{id} 
2020-10-14 09:44:31.0815||INFO|Ocelot.Authentication.Middleware.AuthenticationMiddleware|requestId: 8000002b-0000-fd00-b63f-84710c7967bb, previousRequestId: no previous request id, message: No authentication needed for /v1/users/all 
2020-10-14 09:44:31.0815||INFO|Ocelot.Authorisation.Middleware.AuthorisationMiddleware|requestId: 8000002b-0000-fd00-b63f-84710c7967bb, previousRequestId: no previous request id, message: /v1/users/{id} route does not require user to be authorised 
2020-10-14 09:44:31.2816||INFO|Ocelot.Requester.Middleware.HttpRequesterMiddleware|requestId: 8000002b-0000-fd00-b63f-84710c7967bb, previousRequestId: no previous request id, message: 200 (OK) status code, request uri: http://localhost:5100/v1/users/all 
2020-10-14 09:45:27.5714||DEBUG|APIGateway.Program|init main function 
2020-10-14 09:45:28.6473||INFO|Microsoft.Hosting.Lifetime|Application started. Press Ctrl+C to shut down. 
2020-10-14 09:45:28.6473||INFO|Microsoft.Hosting.Lifetime|Hosting environment: Development 
2020-10-14 09:45:28.6573||INFO|Microsoft.Hosting.Lifetime|Content root path: C:\iFind\iFind\APIGateway 
2020-10-14 09:45:28.8424||INFO|Ocelot.RateLimit.Middleware.ClientRateLimitMiddleware|requestId: 8000002a-0001-fd00-b63f-84710c7967bb, previousRequestId: no previous request id, message: EndpointRateLimiting is not enabled for /v1/users/{id} 
2020-10-14 09:45:28.8472||INFO|Ocelot.Authentication.Middleware.AuthenticationMiddleware|requestId: 8000002a-0001-fd00-b63f-84710c7967bb, previousRequestId: no previous request id, message: No authentication needed for /v1/users/all 
2020-10-14 09:45:28.8472||INFO|Ocelot.Authorisation.Middleware.AuthorisationMiddleware|requestId: 8000002a-0001-fd00-b63f-84710c7967bb, previousRequestId: no previous request id, message: /v1/users/{id} route does not require user to be authorised 
2020-10-14 09:45:29.1875||WARN|Ocelot.Requester.Middleware.HttpRequesterMiddleware|requestId: 8000002a-0001-fd00-b63f-84710c7967bb, previousRequestId: no previous request id, message: 403 (Forbidden) status code, request uri: http://localhost:5100/v1/users/all 
2020-10-14 09:46:42.9553||INFO|Ocelot.RateLimit.Middleware.ClientRateLimitMiddleware|requestId: 8000002b-0001-fd00-b63f-84710c7967bb, previousRequestId: no previous request id, message: EndpointRateLimiting is not enabled for /v1/login 
2020-10-14 09:46:42.9553||INFO|Ocelot.Authentication.Middleware.AuthenticationMiddleware|requestId: 8000002b-0001-fd00-b63f-84710c7967bb, previousRequestId: no previous request id, message: No authentication needed for /v1/login 
2020-10-14 09:46:42.9553||INFO|Ocelot.Authorisation.Middleware.AuthorisationMiddleware|requestId: 8000002b-0001-fd00-b63f-84710c7967bb, previousRequestId: no previous request id, message: /v1/login route does not require user to be authorised 
2020-10-14 09:46:45.0913||WARN|Ocelot.Requester.Middleware.HttpRequesterMiddleware|requestId: 8000002b-0001-fd00-b63f-84710c7967bb, previousRequestId: no previous request id, message: 401 (Unauthorized) status code, request uri: http://localhost:5100/v1/login 
2020-10-14 09:47:26.8169||INFO|Ocelot.RateLimit.Middleware.ClientRateLimitMiddleware|requestId: 8000002d-0001-fd00-b63f-84710c7967bb, previousRequestId: no previous request id, message: EndpointRateLimiting is not enabled for /v1/login 
2020-10-14 09:47:26.8169||INFO|Ocelot.Authentication.Middleware.AuthenticationMiddleware|requestId: 8000002d-0001-fd00-b63f-84710c7967bb, previousRequestId: no previous request id, message: No authentication needed for /v1/login 
2020-10-14 09:47:26.8357||INFO|Ocelot.Authorisation.Middleware.AuthorisationMiddleware|requestId: 8000002d-0001-fd00-b63f-84710c7967bb, previousRequestId: no previous request id, message: /v1/login route does not require user to be authorised 
2020-10-14 09:47:26.8994||INFO|Ocelot.Requester.Middleware.HttpRequesterMiddleware|requestId: 8000002d-0001-fd00-b63f-84710c7967bb, previousRequestId: no previous request id, message: 400 (Bad Request) status code, request uri: http://localhost:5100/v1/login 
2020-10-14 09:52:42.6443||DEBUG|APIGateway.Program|init main function 
2020-10-14 09:52:43.8279||INFO|Microsoft.Hosting.Lifetime|Application started. Press Ctrl+C to shut down. 
2020-10-14 09:52:43.8279||INFO|Microsoft.Hosting.Lifetime|Hosting environment: Development 
2020-10-14 09:52:43.8507||INFO|Microsoft.Hosting.Lifetime|Content root path: C:\iFind\iFind\APIGateway 
2020-10-14 09:52:43.9803||INFO|Ocelot.RateLimit.Middleware.ClientRateLimitMiddleware|requestId: 80000027-0001-fe00-b63f-84710c7967bb, previousRequestId: no previous request id, message: EndpointRateLimiting is not enabled for /v1/login 
2020-10-14 09:52:43.9858||INFO|Ocelot.Authentication.Middleware.AuthenticationMiddleware|requestId: 80000027-0001-fe00-b63f-84710c7967bb, previousRequestId: no previous request id, message: No authentication needed for /v1/login 
2020-10-14 09:52:43.9858||INFO|Ocelot.Authorisation.Middleware.AuthorisationMiddleware|requestId: 80000027-0001-fe00-b63f-84710c7967bb, previousRequestId: no previous request id, message: /v1/login route does not require user to be authorised 
2020-10-14 09:52:46.3615||WARN|Ocelot.Requester.Middleware.HttpRequesterMiddleware|requestId: 80000027-0001-fe00-b63f-84710c7967bb, previousRequestId: no previous request id, message: 401 (Unauthorized) status code, request uri: http://localhost:5100/v1/login 
2020-10-14 09:53:46.5425||INFO|Ocelot.RateLimit.Middleware.ClientRateLimitMiddleware|requestId: 80000028-0001-fe00-b63f-84710c7967bb, previousRequestId: no previous request id, message: EndpointRateLimiting is not enabled for /v1/login 
2020-10-14 09:53:46.5569||INFO|Ocelot.Authentication.Middleware.AuthenticationMiddleware|requestId: 80000028-0001-fe00-b63f-84710c7967bb, previousRequestId: no previous request id, message: No authentication needed for /v1/login 
2020-10-14 09:53:46.5733||INFO|Ocelot.Authorisation.Middleware.AuthorisationMiddleware|requestId: 80000028-0001-fe00-b63f-84710c7967bb, previousRequestId: no previous request id, message: /v1/login route does not require user to be authorised 
2020-10-14 09:53:46.7727||WARN|Ocelot.Requester.Middleware.HttpRequesterMiddleware|requestId: 80000028-0001-fe00-b63f-84710c7967bb, previousRequestId: no previous request id, message: 401 (Unauthorized) status code, request uri: http://localhost:5100/v1/login 
2020-10-14 09:53:49.8802||INFO|Ocelot.RateLimit.Middleware.ClientRateLimitMiddleware|requestId: 80000029-0001-fe00-b63f-84710c7967bb, previousRequestId: no previous request id, message: EndpointRateLimiting is not enabled for /v1/login 
2020-10-14 09:53:49.8802||INFO|Ocelot.Authentication.Middleware.AuthenticationMiddleware|requestId: 80000029-0001-fe00-b63f-84710c7967bb, previousRequestId: no previous request id, message: No authentication needed for /v1/login 
2020-10-14 09:53:49.8802||INFO|Ocelot.Authorisation.Middleware.AuthorisationMiddleware|requestId: 80000029-0001-fe00-b63f-84710c7967bb, previousRequestId: no previous request id, message: /v1/login route does not require user to be authorised 
2020-10-14 09:53:49.9602||WARN|Ocelot.Requester.Middleware.HttpRequesterMiddleware|requestId: 80000029-0001-fe00-b63f-84710c7967bb, previousRequestId: no previous request id, message: 401 (Unauthorized) status code, request uri: http://localhost:5100/v1/login 
2020-10-14 09:56:05.2006||INFO|Ocelot.RateLimit.Middleware.ClientRateLimitMiddleware|requestId: 80000032-0003-fd00-b63f-84710c7967bb, previousRequestId: no previous request id, message: EndpointRateLimiting is not enabled for /v1/login 
2020-10-14 09:56:05.2031||INFO|Ocelot.Authentication.Middleware.AuthenticationMiddleware|requestId: 80000032-0003-fd00-b63f-84710c7967bb, previousRequestId: no previous request id, message: No authentication needed for /v1/login 
2020-10-14 09:56:05.2031||INFO|Ocelot.Authorisation.Middleware.AuthorisationMiddleware|requestId: 80000032-0003-fd00-b63f-84710c7967bb, previousRequestId: no previous request id, message: /v1/login route does not require user to be authorised 
2020-10-14 09:56:05.3491||WARN|Ocelot.Requester.Middleware.HttpRequesterMiddleware|requestId: 80000032-0003-fd00-b63f-84710c7967bb, previousRequestId: no previous request id, message: 401 (Unauthorized) status code, request uri: http://localhost:5100/v1/login 
2020-10-14 10:01:37.5283||DEBUG|APIGateway.Program|init main function 
2020-10-14 10:01:38.6805||INFO|Microsoft.Hosting.Lifetime|Application started. Press Ctrl+C to shut down. 
2020-10-14 10:01:38.6805||INFO|Microsoft.Hosting.Lifetime|Hosting environment: Development 
2020-10-14 10:01:38.6927||INFO|Microsoft.Hosting.Lifetime|Content root path: C:\iFind\iFind\APIGateway 
2020-10-14 10:01:38.8231||INFO|Ocelot.RateLimit.Middleware.ClientRateLimitMiddleware|requestId: 80000034-0003-fd00-b63f-84710c7967bb, previousRequestId: no previous request id, message: EndpointRateLimiting is not enabled for /v1/login 
2020-10-14 10:01:38.8280||INFO|Ocelot.Authentication.Middleware.AuthenticationMiddleware|requestId: 80000034-0003-fd00-b63f-84710c7967bb, previousRequestId: no previous request id, message: No authentication needed for /v1/login 
2020-10-14 10:01:38.8280||INFO|Ocelot.Authorisation.Middleware.AuthorisationMiddleware|requestId: 80000034-0003-fd00-b63f-84710c7967bb, previousRequestId: no previous request id, message: /v1/login route does not require user to be authorised 
2020-10-14 10:01:39.2854||INFO|Ocelot.Requester.Middleware.HttpRequesterMiddleware|requestId: 80000034-0003-fd00-b63f-84710c7967bb, previousRequestId: no previous request id, message: 400 (Bad Request) status code, request uri: http://localhost:5100/v1/login 
2020-10-14 10:01:46.3924||INFO|Ocelot.RateLimit.Middleware.ClientRateLimitMiddleware|requestId: 80000035-0003-fd00-b63f-84710c7967bb, previousRequestId: no previous request id, message: EndpointRateLimiting is not enabled for /v1/login 
2020-10-14 10:01:46.3924||INFO|Ocelot.Authentication.Middleware.AuthenticationMiddleware|requestId: 80000035-0003-fd00-b63f-84710c7967bb, previousRequestId: no previous request id, message: No authentication needed for /v1/login 
2020-10-14 10:01:46.3924||INFO|Ocelot.Authorisation.Middleware.AuthorisationMiddleware|requestId: 80000035-0003-fd00-b63f-84710c7967bb, previousRequestId: no previous request id, message: /v1/login route does not require user to be authorised 
2020-10-14 10:01:49.1138||INFO|Ocelot.Requester.Middleware.HttpRequesterMiddleware|requestId: 80000035-0003-fd00-b63f-84710c7967bb, previousRequestId: no previous request id, message: 400 (Bad Request) status code, request uri: http://localhost:5100/v1/login 
2020-10-14 10:51:24.0130||INFO|Ocelot.RateLimit.Middleware.ClientRateLimitMiddleware|requestId: 80000034-0001-fb00-b63f-84710c7967bb, previousRequestId: no previous request id, message: EndpointRateLimiting is not enabled for /v1/login 
2020-10-14 10:51:24.0263||INFO|Ocelot.Authentication.Middleware.AuthenticationMiddleware|requestId: 80000034-0001-fb00-b63f-84710c7967bb, previousRequestId: no previous request id, message: No authentication needed for /v1/login 
2020-10-14 10:51:24.0263||INFO|Ocelot.Authorisation.Middleware.AuthorisationMiddleware|requestId: 80000034-0001-fb00-b63f-84710c7967bb, previousRequestId: no previous request id, message: /v1/login route does not require user to be authorised 
2020-10-14 10:51:24.2413||INFO|Ocelot.Requester.Middleware.HttpRequesterMiddleware|requestId: 80000034-0001-fb00-b63f-84710c7967bb, previousRequestId: no previous request id, message: 400 (Bad Request) status code, request uri: http://localhost:5100/v1/login 
2020-10-14 10:51:44.4958||INFO|Ocelot.RateLimit.Middleware.ClientRateLimitMiddleware|requestId: 80000035-0001-fb00-b63f-84710c7967bb, previousRequestId: no previous request id, message: EndpointRateLimiting is not enabled for /v1/login 
2020-10-14 10:51:44.4958||INFO|Ocelot.Authentication.Middleware.AuthenticationMiddleware|requestId: 80000035-0001-fb00-b63f-84710c7967bb, previousRequestId: no previous request id, message: No authentication needed for /v1/login 
2020-10-14 10:51:44.5149||INFO|Ocelot.Authorisation.Middleware.AuthorisationMiddleware|requestId: 80000035-0001-fb00-b63f-84710c7967bb, previousRequestId: no previous request id, message: /v1/login route does not require user to be authorised 
2020-10-14 10:51:45.0292||INFO|Ocelot.Requester.Middleware.HttpRequesterMiddleware|requestId: 80000035-0001-fb00-b63f-84710c7967bb, previousRequestId: no previous request id, message: 400 (Bad Request) status code, request uri: http://localhost:5100/v1/login 
2020-10-14 10:51:46.8944||INFO|Ocelot.RateLimit.Middleware.ClientRateLimitMiddleware|requestId: 80000036-0001-fb00-b63f-84710c7967bb, previousRequestId: no previous request id, message: EndpointRateLimiting is not enabled for /v1/login 
2020-10-14 10:51:46.8944||INFO|Ocelot.Authentication.Middleware.AuthenticationMiddleware|requestId: 80000036-0001-fb00-b63f-84710c7967bb, previousRequestId: no previous request id, message: No authentication needed for /v1/login 
2020-10-14 10:51:46.8944||INFO|Ocelot.Authorisation.Middleware.AuthorisationMiddleware|requestId: 80000036-0001-fb00-b63f-84710c7967bb, previousRequestId: no previous request id, message: /v1/login route does not require user to be authorised 
2020-10-14 10:53:45.3422||DEBUG|APIGateway.Program|init main function 
2020-10-14 10:53:46.5503||INFO|Microsoft.Hosting.Lifetime|Application started. Press Ctrl+C to shut down. 
2020-10-14 10:53:46.5503||INFO|Microsoft.Hosting.Lifetime|Hosting environment: Development 
2020-10-14 10:53:46.5639||INFO|Microsoft.Hosting.Lifetime|Content root path: C:\iFind\iFind\APIGateway 
2020-10-14 10:53:46.7105||INFO|Ocelot.RateLimit.Middleware.ClientRateLimitMiddleware|requestId: 80000020-0002-fc00-b63f-84710c7967bb, previousRequestId: no previous request id, message: EndpointRateLimiting is not enabled for /v1/login 
2020-10-14 10:53:46.7105||INFO|Ocelot.Authentication.Middleware.AuthenticationMiddleware|requestId: 80000020-0002-fc00-b63f-84710c7967bb, previousRequestId: no previous request id, message: No authentication needed for /v1/login 
2020-10-14 10:53:46.7198||INFO|Ocelot.Authorisation.Middleware.AuthorisationMiddleware|requestId: 80000020-0002-fc00-b63f-84710c7967bb, previousRequestId: no previous request id, message: /v1/login route does not require user to be authorised 
2020-10-14 10:53:47.2294||INFO|Ocelot.Requester.Middleware.HttpRequesterMiddleware|requestId: 80000020-0002-fc00-b63f-84710c7967bb, previousRequestId: no previous request id, message: 400 (Bad Request) status code, request uri: http://localhost:5100/v1/login 
2020-10-14 10:53:54.0186||INFO|Ocelot.RateLimit.Middleware.ClientRateLimitMiddleware|requestId: 80000038-0001-fb00-b63f-84710c7967bb, previousRequestId: no previous request id, message: EndpointRateLimiting is not enabled for /v1/login 
2020-10-14 10:53:54.0186||INFO|Ocelot.Authentication.Middleware.AuthenticationMiddleware|requestId: 80000038-0001-fb00-b63f-84710c7967bb, previousRequestId: no previous request id, message: No authentication needed for /v1/login 
2020-10-14 10:53:54.0186||INFO|Ocelot.Authorisation.Middleware.AuthorisationMiddleware|requestId: 80000038-0001-fb00-b63f-84710c7967bb, previousRequestId: no previous request id, message: /v1/login route does not require user to be authorised 
2020-10-14 10:53:56.3716||INFO|Ocelot.Requester.Middleware.HttpRequesterMiddleware|requestId: 80000038-0001-fb00-b63f-84710c7967bb, previousRequestId: no previous request id, message: 400 (Bad Request) status code, request uri: http://localhost:5100/v1/login 
2020-10-14 10:54:53.7255||DEBUG|APIGateway.Program|init main function 
2020-10-14 10:54:54.9459||INFO|Microsoft.Hosting.Lifetime|Application started. Press Ctrl+C to shut down. 
2020-10-14 10:54:54.9459||INFO|Microsoft.Hosting.Lifetime|Hosting environment: Development 
2020-10-14 10:54:54.9624||INFO|Microsoft.Hosting.Lifetime|Content root path: C:\iFind\iFind\APIGateway 
2020-10-14 10:54:55.1036||INFO|Ocelot.RateLimit.Middleware.ClientRateLimitMiddleware|requestId: 8000000b-0001-fc00-b63f-84710c7967bb, previousRequestId: no previous request id, message: EndpointRateLimiting is not enabled for /v1/login 
2020-10-14 10:54:55.1091||INFO|Ocelot.Authentication.Middleware.AuthenticationMiddleware|requestId: 8000000b-0001-fc00-b63f-84710c7967bb, previousRequestId: no previous request id, message: No authentication needed for /v1/login 
2020-10-14 10:54:55.1091||INFO|Ocelot.Authorisation.Middleware.AuthorisationMiddleware|requestId: 8000000b-0001-fc00-b63f-84710c7967bb, previousRequestId: no previous request id, message: /v1/login route does not require user to be authorised 
2020-10-14 10:54:57.9343||INFO|Ocelot.Requester.Middleware.HttpRequesterMiddleware|requestId: 8000000b-0001-fc00-b63f-84710c7967bb, previousRequestId: no previous request id, message: 200 (OK) status code, request uri: http://localhost:5100/v1/login 
2020-10-14 10:55:25.1752||DEBUG|APIGateway.Program|init main function 
2020-10-14 10:55:26.3271||INFO|Microsoft.Hosting.Lifetime|Application started. Press Ctrl+C to shut down. 
2020-10-14 10:55:26.3271||INFO|Microsoft.Hosting.Lifetime|Hosting environment: Development 
2020-10-14 10:55:26.3437||INFO|Microsoft.Hosting.Lifetime|Content root path: C:\iFind\iFind\APIGateway 
2020-10-14 10:55:26.5332||INFO|Ocelot.RateLimit.Middleware.ClientRateLimitMiddleware|requestId: 8000003b-0001-fb00-b63f-84710c7967bb, previousRequestId: no previous request id, message: EndpointRateLimiting is not enabled for /v1/login 
2020-10-14 10:55:26.5332||INFO|Ocelot.Authentication.Middleware.AuthenticationMiddleware|requestId: 8000003b-0001-fb00-b63f-84710c7967bb, previousRequestId: no previous request id, message: No authentication needed for /v1/login 
2020-10-14 10:55:26.5332||INFO|Ocelot.Authorisation.Middleware.AuthorisationMiddleware|requestId: 8000003b-0001-fb00-b63f-84710c7967bb, previousRequestId: no previous request id, message: /v1/login route does not require user to be authorised 
2020-10-14 10:55:29.5607||INFO|Ocelot.Requester.Middleware.HttpRequesterMiddleware|requestId: 8000003b-0001-fb00-b63f-84710c7967bb, previousRequestId: no previous request id, message: 200 (OK) status code, request uri: http://localhost:5100/v1/login 
2020-10-14 10:55:33.4857||INFO|Ocelot.RateLimit.Middleware.ClientRateLimitMiddleware|requestId: 8000003c-0001-fb00-b63f-84710c7967bb, previousRequestId: no previous request id, message: EndpointRateLimiting is not enabled for /v1/login 
2020-10-14 10:55:33.4857||INFO|Ocelot.Authentication.Middleware.AuthenticationMiddleware|requestId: 8000003c-0001-fb00-b63f-84710c7967bb, previousRequestId: no previous request id, message: No authentication needed for /v1/login 
2020-10-14 10:55:33.4857||INFO|Ocelot.Authorisation.Middleware.AuthorisationMiddleware|requestId: 8000003c-0001-fb00-b63f-84710c7967bb, previousRequestId: no previous request id, message: /v1/login route does not require user to be authorised 
2020-10-14 10:55:33.8438||INFO|Ocelot.Requester.Middleware.HttpRequesterMiddleware|requestId: 8000003c-0001-fb00-b63f-84710c7967bb, previousRequestId: no previous request id, message: 200 (OK) status code, request uri: http://localhost:5100/v1/login 
2020-10-14 10:56:07.9780||DEBUG|APIGateway.Program|init main function 
2020-10-14 10:56:09.1345||INFO|Microsoft.Hosting.Lifetime|Application started. Press Ctrl+C to shut down. 
2020-10-14 10:56:09.1345||INFO|Microsoft.Hosting.Lifetime|Hosting environment: Development 
2020-10-14 10:56:09.1458||INFO|Microsoft.Hosting.Lifetime|Content root path: C:\iFind\iFind\APIGateway 
2020-10-14 10:56:09.2929||INFO|Ocelot.RateLimit.Middleware.ClientRateLimitMiddleware|requestId: 8000000c-0002-fd00-b63f-84710c7967bb, previousRequestId: no previous request id, message: EndpointRateLimiting is not enabled for /v1/login 
2020-10-14 10:56:09.2985||INFO|Ocelot.Authentication.Middleware.AuthenticationMiddleware|requestId: 8000000c-0002-fd00-b63f-84710c7967bb, previousRequestId: no previous request id, message: No authentication needed for /v1/login 
2020-10-14 10:56:09.2985||INFO|Ocelot.Authorisation.Middleware.AuthorisationMiddleware|requestId: 8000000c-0002-fd00-b63f-84710c7967bb, previousRequestId: no previous request id, message: /v1/login route does not require user to be authorised 
2020-10-14 10:56:12.2049||INFO|Ocelot.Requester.Middleware.HttpRequesterMiddleware|requestId: 8000000c-0002-fd00-b63f-84710c7967bb, previousRequestId: no previous request id, message: 200 (OK) status code, request uri: http://localhost:5100/v1/login 
2020-10-14 11:24:53.5999||DEBUG|APIGateway.Program|init main function 
2020-10-14 11:24:54.6596||INFO|Microsoft.Hosting.Lifetime|Application started. Press Ctrl+C to shut down. 
2020-10-14 11:24:54.6596||INFO|Microsoft.Hosting.Lifetime|Hosting environment: Development 
2020-10-14 11:24:54.6715||INFO|Microsoft.Hosting.Lifetime|Content root path: C:\iFind\iFind\APIGateway 
2020-10-14 11:24:54.8072||INFO|Ocelot.RateLimit.Middleware.ClientRateLimitMiddleware|requestId: 8000003a-0003-fd00-b63f-84710c7967bb, previousRequestId: no previous request id, message: EndpointRateLimiting is not enabled for /v1/users/{id} 
2020-10-14 11:24:54.8121||INFO|Ocelot.Authentication.Middleware.AuthenticationMiddleware|requestId: 8000003a-0003-fd00-b63f-84710c7967bb, previousRequestId: no previous request id, message: No authentication needed for /v1/users/all 
2020-10-14 11:24:54.8121||INFO|Ocelot.Authorisation.Middleware.AuthorisationMiddleware|requestId: 8000003a-0003-fd00-b63f-84710c7967bb, previousRequestId: no previous request id, message: /v1/users/{id} route does not require user to be authorised 
2020-10-14 11:24:55.1761||WARN|Ocelot.Requester.Middleware.HttpRequesterMiddleware|requestId: 8000003a-0003-fd00-b63f-84710c7967bb, previousRequestId: no previous request id, message: 403 (Forbidden) status code, request uri: http://localhost:5100/v1/users/all 
2020-10-14 11:26:11.5371||DEBUG|APIGateway.Program|init main function 
2020-10-14 11:26:12.6767||INFO|Microsoft.Hosting.Lifetime|Application started. Press Ctrl+C to shut down. 
2020-10-14 11:26:12.6767||INFO|Microsoft.Hosting.Lifetime|Hosting environment: Development 
2020-10-14 11:26:12.6879||INFO|Microsoft.Hosting.Lifetime|Content root path: C:\iFind\iFind\APIGateway 
2020-10-14 11:26:12.8277||INFO|Ocelot.RateLimit.Middleware.ClientRateLimitMiddleware|requestId: 8000002d-0000-fc00-b63f-84710c7967bb, previousRequestId: no previous request id, message: EndpointRateLimiting is not enabled for /v1/login 
2020-10-14 11:26:12.8277||INFO|Ocelot.Authentication.Middleware.AuthenticationMiddleware|requestId: 8000002d-0000-fc00-b63f-84710c7967bb, previousRequestId: no previous request id, message: No authentication needed for /v1/login 
2020-10-14 11:26:12.8277||INFO|Ocelot.Authorisation.Middleware.AuthorisationMiddleware|requestId: 8000002d-0000-fc00-b63f-84710c7967bb, previousRequestId: no previous request id, message: /v1/login route does not require user to be authorised 
2020-10-14 11:26:15.4443||INFO|Ocelot.Requester.Middleware.HttpRequesterMiddleware|requestId: 8000002d-0000-fc00-b63f-84710c7967bb, previousRequestId: no previous request id, message: 200 (OK) status code, request uri: http://localhost:5100/v1/login 
2020-10-14 11:26:28.6888||INFO|Ocelot.RateLimit.Middleware.ClientRateLimitMiddleware|requestId: 80000017-0002-fe00-b63f-84710c7967bb, previousRequestId: no previous request id, message: EndpointRateLimiting is not enabled for /v1/users/{id} 
2020-10-14 11:26:28.6888||INFO|Ocelot.Authentication.Middleware.AuthenticationMiddleware|requestId: 80000017-0002-fe00-b63f-84710c7967bb, previousRequestId: no previous request id, message: No authentication needed for /v1/users/all 
2020-10-14 11:26:28.6888||INFO|Ocelot.Authorisation.Middleware.AuthorisationMiddleware|requestId: 80000017-0002-fe00-b63f-84710c7967bb, previousRequestId: no previous request id, message: /v1/users/{id} route does not require user to be authorised 
2020-10-14 11:26:28.8938||INFO|Ocelot.Requester.Middleware.HttpRequesterMiddleware|requestId: 80000017-0002-fe00-b63f-84710c7967bb, previousRequestId: no previous request id, message: 200 (OK) status code, request uri: http://localhost:5100/v1/users/all 
2020-10-14 11:33:53.3208||INFO|Ocelot.RateLimit.Middleware.ClientRateLimitMiddleware|requestId: 8000002f-0000-fc00-b63f-84710c7967bb, previousRequestId: no previous request id, message: EndpointRateLimiting is not enabled for /v1/users 
2020-10-14 11:33:53.3208||INFO|Ocelot.Authentication.Middleware.AuthenticationMiddleware|requestId: 8000002f-0000-fc00-b63f-84710c7967bb, previousRequestId: no previous request id, message: No authentication needed for /v1/users 
2020-10-14 11:33:53.3356||INFO|Ocelot.Authorisation.Middleware.AuthorisationMiddleware|requestId: 8000002f-0000-fc00-b63f-84710c7967bb, previousRequestId: no previous request id, message: /v1/users route does not require user to be authorised 
2020-10-14 11:33:53.8993||INFO|Ocelot.Requester.Middleware.HttpRequesterMiddleware|requestId: 8000002f-0000-fc00-b63f-84710c7967bb, previousRequestId: no previous request id, message: 200 (OK) status code, request uri: http://localhost:5100/v1/users 
2020-10-14 11:33:58.2513||INFO|Ocelot.RateLimit.Middleware.ClientRateLimitMiddleware|requestId: 80000030-0000-fc00-b63f-84710c7967bb, previousRequestId: no previous request id, message: EndpointRateLimiting is not enabled for /v1/users/{id} 
2020-10-14 11:33:58.2513||INFO|Ocelot.Authentication.Middleware.AuthenticationMiddleware|requestId: 80000030-0000-fc00-b63f-84710c7967bb, previousRequestId: no previous request id, message: No authentication needed for /v1/users/all 
2020-10-14 11:33:58.2513||INFO|Ocelot.Authorisation.Middleware.AuthorisationMiddleware|requestId: 80000030-0000-fc00-b63f-84710c7967bb, previousRequestId: no previous request id, message: /v1/users/{id} route does not require user to be authorised 
2020-10-14 11:33:58.3345||INFO|Ocelot.Requester.Middleware.HttpRequesterMiddleware|requestId: 80000030-0000-fc00-b63f-84710c7967bb, previousRequestId: no previous request id, message: 200 (OK) status code, request uri: http://localhost:5100/v1/users/all 
2020-10-14 16:52:50.6048||DEBUG|APIGateway.Program|init main function 
2020-10-14 16:52:53.2468||INFO|Microsoft.Hosting.Lifetime|Application started. Press Ctrl+C to shut down. 
2020-10-14 16:52:53.2619||INFO|Microsoft.Hosting.Lifetime|Hosting environment: Development 
2020-10-14 16:52:53.2731||INFO|Microsoft.Hosting.Lifetime|Content root path: C:\iFind\iFind\APIGateway 
2020-10-14 16:52:53.3631||WARN|Ocelot.DownstreamRouteFinder.Middleware.DownstreamRouteFinderMiddleware|requestId: 80000013-0003-fe00-b63f-84710c7967bb, previousRequestId: no previous request id, message: DownstreamRouteFinderMiddleware setting pipeline errors. IDownstreamRouteFinder returned Error Code: UnableToFindDownstreamRouteError Message: Failed to match Route configuration for upstream path: /swagger/v1/swagger.json, verb: GET. 
2020-10-14 16:52:53.3631||WARN|Ocelot.Responder.Middleware.ResponderMiddleware|requestId: 80000013-0003-fe00-b63f-84710c7967bb, previousRequestId: no previous request id, message: Error Code: UnableToFindDownstreamRouteError Message: Failed to match Route configuration for upstream path: /swagger/v1/swagger.json, verb: GET. errors found in ResponderMiddleware. Setting error response for request path:/swagger/v1/swagger.json, request method: GET 
2020-10-14 16:52:56.8080||WARN|Ocelot.DownstreamRouteFinder.Middleware.DownstreamRouteFinderMiddleware|requestId: 8000001d-0002-fe00-b63f-84710c7967bb, previousRequestId: no previous request id, message: DownstreamRouteFinderMiddleware setting pipeline errors. IDownstreamRouteFinder returned Error Code: UnableToFindDownstreamRouteError Message: Failed to match Route configuration for upstream path: /swagger/v1/swagger.json, verb: GET. 
2020-10-14 16:52:56.8080||WARN|Ocelot.Responder.Middleware.ResponderMiddleware|requestId: 8000001d-0002-fe00-b63f-84710c7967bb, previousRequestId: no previous request id, message: Error Code: UnableToFindDownstreamRouteError Message: Failed to match Route configuration for upstream path: /swagger/v1/swagger.json, verb: GET. errors found in ResponderMiddleware. Setting error response for request path:/swagger/v1/swagger.json, request method: GET 
2020-10-14 17:04:05.2224||WARN|Ocelot.DownstreamRouteFinder.Middleware.DownstreamRouteFinderMiddleware|requestId: 80000028-0000-fe00-b63f-84710c7967bb, previousRequestId: no previous request id, message: DownstreamRouteFinderMiddleware setting pipeline errors. IDownstreamRouteFinder returned Error Code: UnableToFindDownstreamRouteError Message: Failed to match Route configuration for upstream path: /swagger/v1/swagger.json, verb: GET. 
2020-10-14 17:04:05.2224||WARN|Ocelot.Responder.Middleware.ResponderMiddleware|requestId: 80000028-0000-fe00-b63f-84710c7967bb, previousRequestId: no previous request id, message: Error Code: UnableToFindDownstreamRouteError Message: Failed to match Route configuration for upstream path: /swagger/v1/swagger.json, verb: GET. errors found in ResponderMiddleware. Setting error response for request path:/swagger/v1/swagger.json, request method: GET 
2020-10-14 17:04:18.7785||WARN|Ocelot.DownstreamRouteFinder.Middleware.DownstreamRouteFinderMiddleware|requestId: 80000015-0003-fe00-b63f-84710c7967bb, previousRequestId: no previous request id, message: DownstreamRouteFinderMiddleware setting pipeline errors. IDownstreamRouteFinder returned Error Code: UnableToFindDownstreamRouteError Message: Failed to match Route configuration for upstream path: /swagger.json, verb: GET. 
2020-10-14 17:04:18.7997||WARN|Ocelot.Responder.Middleware.ResponderMiddleware|requestId: 80000015-0003-fe00-b63f-84710c7967bb, previousRequestId: no previous request id, message: Error Code: UnableToFindDownstreamRouteError Message: Failed to match Route configuration for upstream path: /swagger.json, verb: GET. errors found in ResponderMiddleware. Setting error response for request path:/swagger.json, request method: GET 
2020-10-14 17:04:26.9816||WARN|Ocelot.DownstreamRouteFinder.Middleware.DownstreamRouteFinderMiddleware|requestId: 80000016-0003-fe00-b63f-84710c7967bb, previousRequestId: no previous request id, message: DownstreamRouteFinderMiddleware setting pipeline errors. IDownstreamRouteFinder returned Error Code: UnableToFindDownstreamRouteError Message: Failed to match Route configuration for upstream path: /api/v1/swagger.json, verb: GET. 
2020-10-14 17:04:26.9966||WARN|Ocelot.Responder.Middleware.ResponderMiddleware|requestId: 80000016-0003-fe00-b63f-84710c7967bb, previousRequestId: no previous request id, message: Error Code: UnableToFindDownstreamRouteError Message: Failed to match Route configuration for upstream path: /api/v1/swagger.json, verb: GET. errors found in ResponderMiddleware. Setting error response for request path:/api/v1/swagger.json, request method: GET 
2020-10-14 17:05:52.2645||WARN|Ocelot.DownstreamRouteFinder.Middleware.DownstreamRouteFinderMiddleware|requestId: 80000017-0003-fe00-b63f-84710c7967bb, previousRequestId: no previous request id, message: DownstreamRouteFinderMiddleware setting pipeline errors. IDownstreamRouteFinder returned Error Code: UnableToFindDownstreamRouteError Message: Failed to match Route configuration for upstream path: /swagger/, verb: GET. 
2020-10-14 17:05:52.2854||WARN|Ocelot.Responder.Middleware.ResponderMiddleware|requestId: 80000017-0003-fe00-b63f-84710c7967bb, previousRequestId: no previous request id, message: Error Code: UnableToFindDownstreamRouteError Message: Failed to match Route configuration for upstream path: /swagger/, verb: GET. errors found in ResponderMiddleware. Setting error response for request path:/swagger/, request method: GET 
2020-10-14 17:10:52.9483||DEBUG|APIGateway.Program|init main function 
2020-10-14 17:10:54.3299||INFO|Microsoft.Hosting.Lifetime|Application started. Press Ctrl+C to shut down. 
2020-10-14 17:10:54.3299||INFO|Microsoft.Hosting.Lifetime|Hosting environment: Development 
2020-10-14 17:10:54.3491||INFO|Microsoft.Hosting.Lifetime|Content root path: C:\iFind\iFind\APIGateway 
2020-10-14 17:10:54.4403||WARN|Ocelot.DownstreamRouteFinder.Middleware.DownstreamRouteFinderMiddleware|requestId: 80000025-0002-fe00-b63f-84710c7967bb, previousRequestId: no previous request id, message: DownstreamRouteFinderMiddleware setting pipeline errors. IDownstreamRouteFinder returned Error Code: UnableToFindDownstreamRouteError Message: Failed to match Route configuration for upstream path: /swagger, verb: GET. 
2020-10-14 17:10:54.4403||WARN|Ocelot.Responder.Middleware.ResponderMiddleware|requestId: 80000025-0002-fe00-b63f-84710c7967bb, previousRequestId: no previous request id, message: Error Code: UnableToFindDownstreamRouteError Message: Failed to match Route configuration for upstream path: /swagger, verb: GET. errors found in ResponderMiddleware. Setting error response for request path:/swagger, request method: GET 
2020-10-14 17:11:08.7397||WARN|Ocelot.DownstreamRouteFinder.Middleware.DownstreamRouteFinderMiddleware|requestId: 80000019-0000-fa00-b63f-84710c7967bb, previousRequestId: no previous request id, message: DownstreamRouteFinderMiddleware setting pipeline errors. IDownstreamRouteFinder returned Error Code: UnableToFindDownstreamRouteError Message: Failed to match Route configuration for upstream path: /swagger, verb: GET. 
2020-10-14 17:11:08.9590||WARN|Ocelot.Responder.Middleware.ResponderMiddleware|requestId: 80000019-0000-fa00-b63f-84710c7967bb, previousRequestId: no previous request id, message: Error Code: UnableToFindDownstreamRouteError Message: Failed to match Route configuration for upstream path: /swagger, verb: GET. errors found in ResponderMiddleware. Setting error response for request path:/swagger, request method: GET 
2020-10-14 17:11:16.0269||WARN|Ocelot.DownstreamRouteFinder.Middleware.DownstreamRouteFinderMiddleware|requestId: 8000001a-0000-fa00-b63f-84710c7967bb, previousRequestId: no previous request id, message: DownstreamRouteFinderMiddleware setting pipeline errors. IDownstreamRouteFinder returned Error Code: UnableToFindDownstreamRouteError Message: Failed to match Route configuration for upstream path: /swagger/v1, verb: GET. 
2020-10-14 17:11:16.0332||WARN|Ocelot.Responder.Middleware.ResponderMiddleware|requestId: 8000001a-0000-fa00-b63f-84710c7967bb, previousRequestId: no previous request id, message: Error Code: UnableToFindDownstreamRouteError Message: Failed to match Route configuration for upstream path: /swagger/v1, verb: GET. errors found in ResponderMiddleware. Setting error response for request path:/swagger/v1, request method: GET 
2020-10-14 17:11:20.4288||WARN|Ocelot.DownstreamRouteFinder.Middleware.DownstreamRouteFinderMiddleware|requestId: 8000001b-0000-fa00-b63f-84710c7967bb, previousRequestId: no previous request id, message: DownstreamRouteFinderMiddleware setting pipeline errors. IDownstreamRouteFinder returned Error Code: UnableToFindDownstreamRouteError Message: Failed to match Route configuration for upstream path: /swagger, verb: GET. 
2020-10-14 17:11:20.4288||WARN|Ocelot.Responder.Middleware.ResponderMiddleware|requestId: 8000001b-0000-fa00-b63f-84710c7967bb, previousRequestId: no previous request id, message: Error Code: UnableToFindDownstreamRouteError Message: Failed to match Route configuration for upstream path: /swagger, verb: GET. errors found in ResponderMiddleware. Setting error response for request path:/swagger, request method: GET 
2020-10-14 17:16:24.1417||DEBUG|APIGateway.Program|init main function 
2020-10-14 17:16:25.2638||INFO|Microsoft.Hosting.Lifetime|Application started. Press Ctrl+C to shut down. 
2020-10-14 17:16:25.2675||INFO|Microsoft.Hosting.Lifetime|Hosting environment: Development 
2020-10-14 17:16:25.2675||INFO|Microsoft.Hosting.Lifetime|Content root path: C:\iFind\iFind\APIGateway 
2020-10-14 17:16:25.3670||WARN|Ocelot.DownstreamRouteFinder.Middleware.DownstreamRouteFinderMiddleware|requestId: 80000033-0001-fe00-b63f-84710c7967bb, previousRequestId: no previous request id, message: DownstreamRouteFinderMiddleware setting pipeline errors. IDownstreamRouteFinder returned Error Code: UnableToFindDownstreamRouteError Message: Failed to match Route configuration for upstream path: /swagger, verb: GET. 
2020-10-14 17:16:25.3670||WARN|Ocelot.Responder.Middleware.ResponderMiddleware|requestId: 80000033-0001-fe00-b63f-84710c7967bb, previousRequestId: no previous request id, message: Error Code: UnableToFindDownstreamRouteError Message: Failed to match Route configuration for upstream path: /swagger, verb: GET. errors found in ResponderMiddleware. Setting error response for request path:/swagger, request method: GET 
2020-10-14 17:16:31.3876||INFO|Ocelot.RateLimit.Middleware.ClientRateLimitMiddleware|requestId: 80000034-0001-fe00-b63f-84710c7967bb, previousRequestId: no previous request id, message: EndpointRateLimiting is not enabled for /v1/users/{id} 
2020-10-14 17:16:31.3978||INFO|Ocelot.Authentication.Middleware.AuthenticationMiddleware|requestId: 80000034-0001-fe00-b63f-84710c7967bb, previousRequestId: no previous request id, message: No authentication needed for /v1/users/all 
2020-10-14 17:16:31.3978||INFO|Ocelot.Authorisation.Middleware.AuthorisationMiddleware|requestId: 80000034-0001-fe00-b63f-84710c7967bb, previousRequestId: no previous request id, message: /v1/users/{id} route does not require user to be authorised 
2020-10-14 17:16:31.8834||INFO|Ocelot.Requester.Middleware.HttpRequesterMiddleware|requestId: 80000034-0001-fe00-b63f-84710c7967bb, previousRequestId: no previous request id, message: 200 (OK) status code, request uri: http://localhost:5100/v1/users/all 
