2020-10-04 19:34:17.9606||DEBUG|APIGateway.Program|init main function 
2020-10-04 19:34:19.6225||INFO|Microsoft.Hosting.Lifetime|Application started. Press Ctrl+C to shut down. 
2020-10-04 19:34:19.6225||INFO|Microsoft.Hosting.Lifetime|Hosting environment: Development 
2020-10-04 19:34:19.6225||INFO|Microsoft.Hosting.Lifetime|Content root path: C:\iFind\iFind\APIGateway 
2020-10-04 19:34:19.7944||INFO|Ocelot.RateLimit.Middleware.ClientRateLimitMiddleware|requestId: 80000008-0003-ff00-b63f-84710c7967bb, previousRequestId: no previous request id, message: EndpointRateLimiting is not enabled for /v1/users 
2020-10-04 19:34:19.7944||INFO|Ocelot.Authentication.Middleware.AuthenticationMiddleware|requestId: 80000008-0003-ff00-b63f-84710c7967bb, previousRequestId: no previous request id, message: No authentication needed for /v1/users 
2020-10-04 19:34:19.7944||INFO|Ocelot.Authorisation.Middleware.AuthorisationMiddleware|requestId: 80000008-0003-ff00-b63f-84710c7967bb, previousRequestId: no previous request id, message: /v1/users route does not require user to be authorised 
2020-10-04 19:34:23.0687||WARN|Ocelot.Requester.Middleware.HttpRequesterMiddleware|requestId: 80000008-0003-ff00-b63f-84710c7967bb, previousRequestId: no previous request id, message: 500 (Internal Server Error) status code, request uri: http://localhost:5100/v1/users 
2020-10-04 19:38:34.1974||INFO|Ocelot.RateLimit.Middleware.ClientRateLimitMiddleware|requestId: 8000000a-0003-ff00-b63f-84710c7967bb, previousRequestId: no previous request id, message: EndpointRateLimiting is not enabled for /v1/users 
2020-10-04 19:38:34.2041||INFO|Ocelot.Authentication.Middleware.AuthenticationMiddleware|requestId: 8000000a-0003-ff00-b63f-84710c7967bb, previousRequestId: no previous request id, message: No authentication needed for /v1/users 
2020-10-04 19:38:34.2041||INFO|Ocelot.Authorisation.Middleware.AuthorisationMiddleware|requestId: 8000000a-0003-ff00-b63f-84710c7967bb, previousRequestId: no previous request id, message: /v1/users route does not require user to be authorised 
2020-10-04 19:38:34.2860||INFO|Ocelot.Requester.Middleware.HttpRequesterMiddleware|requestId: 8000000a-0003-ff00-b63f-84710c7967bb, previousRequestId: no previous request id, message: 400 (Bad Request) status code, request uri: http://localhost:5100/v1/users 
2020-10-04 19:38:42.2710||INFO|Ocelot.RateLimit.Middleware.ClientRateLimitMiddleware|requestId: 80000004-0002-fb00-b63f-84710c7967bb, previousRequestId: no previous request id, message: EndpointRateLimiting is not enabled for /v1/users 
2020-10-04 19:38:42.2710||INFO|Ocelot.Authentication.Middleware.AuthenticationMiddleware|requestId: 80000004-0002-fb00-b63f-84710c7967bb, previousRequestId: no previous request id, message: No authentication needed for /v1/users 
2020-10-04 19:38:42.2710||INFO|Ocelot.Authorisation.Middleware.AuthorisationMiddleware|requestId: 80000004-0002-fb00-b63f-84710c7967bb, previousRequestId: no previous request id, message: /v1/users route does not require user to be authorised 
2020-10-04 19:38:42.4291||WARN|Ocelot.Requester.Middleware.HttpRequesterMiddleware|requestId: 80000004-0002-fb00-b63f-84710c7967bb, previousRequestId: no previous request id, message: 500 (Internal Server Error) status code, request uri: http://localhost:5100/v1/users 
2020-10-04 19:40:13.3432||INFO|Ocelot.RateLimit.Middleware.ClientRateLimitMiddleware|requestId: 8000000b-0001-fb00-b63f-84710c7967bb, previousRequestId: no previous request id, message: EndpointRateLimiting is not enabled for /v1/users 
2020-10-04 19:40:13.3432||INFO|Ocelot.Authentication.Middleware.AuthenticationMiddleware|requestId: 8000000b-0001-fb00-b63f-84710c7967bb, previousRequestId: no previous request id, message: No authentication needed for /v1/users 
2020-10-04 19:40:13.3432||INFO|Ocelot.Authorisation.Middleware.AuthorisationMiddleware|requestId: 8000000b-0001-fb00-b63f-84710c7967bb, previousRequestId: no previous request id, message: /v1/users route does not require user to be authorised 
2020-10-04 19:40:14.0587||INFO|Ocelot.Requester.Middleware.HttpRequesterMiddleware|requestId: 8000000b-0001-fb00-b63f-84710c7967bb, previousRequestId: no previous request id, message: 200 (OK) status code, request uri: http://localhost:5100/v1/users 
2020-10-04 22:00:59.8938||DEBUG|APIGateway.Program|init main function 
2020-10-04 22:01:01.9149||INFO|Microsoft.Hosting.Lifetime|Application started. Press Ctrl+C to shut down. 
2020-10-04 22:01:01.9230||INFO|Microsoft.Hosting.Lifetime|Hosting environment: Development 
2020-10-04 22:01:01.9230||INFO|Microsoft.Hosting.Lifetime|Content root path: C:\iFind\iFind\APIGateway 
2020-10-04 22:01:02.0860||INFO|Ocelot.RateLimit.Middleware.ClientRateLimitMiddleware|requestId: 8000000c-0002-fe00-b63f-84710c7967bb, previousRequestId: no previous request id, message: EndpointRateLimiting is not enabled for /v1/login 
2020-10-04 22:01:02.0910||INFO|Ocelot.Authentication.Middleware.AuthenticationMiddleware|requestId: 8000000c-0002-fe00-b63f-84710c7967bb, previousRequestId: no previous request id, message: No authentication needed for /v1/login 
2020-10-04 22:01:02.0910||INFO|Ocelot.Authorisation.Middleware.AuthorisationMiddleware|requestId: 8000000c-0002-fe00-b63f-84710c7967bb, previousRequestId: no previous request id, message: /v1/login route does not require user to be authorised 
2020-10-04 22:01:04.9566||INFO|Ocelot.Requester.Middleware.HttpRequesterMiddleware|requestId: 8000000c-0002-fe00-b63f-84710c7967bb, previousRequestId: no previous request id, message: 200 (OK) status code, request uri: http://localhost:5100/v1/login 
2020-10-04 22:02:17.2811||INFO|Ocelot.RateLimit.Middleware.ClientRateLimitMiddleware|requestId: 80000003-0000-fc00-b63f-84710c7967bb, previousRequestId: no previous request id, message: EndpointRateLimiting is not enabled for /v1/login 
2020-10-04 22:02:17.2811||INFO|Ocelot.Authentication.Middleware.AuthenticationMiddleware|requestId: 80000003-0000-fc00-b63f-84710c7967bb, previousRequestId: no previous request id, message: No authentication needed for /v1/login 
2020-10-04 22:02:17.2811||INFO|Ocelot.Authorisation.Middleware.AuthorisationMiddleware|requestId: 80000003-0000-fc00-b63f-84710c7967bb, previousRequestId: no previous request id, message: /v1/login route does not require user to be authorised 
2020-10-04 22:02:17.4866||INFO|Ocelot.Requester.Middleware.HttpRequesterMiddleware|requestId: 80000003-0000-fc00-b63f-84710c7967bb, previousRequestId: no previous request id, message: 200 (OK) status code, request uri: http://localhost:5100/v1/login 
2020-10-04 22:02:21.1057||INFO|Ocelot.RateLimit.Middleware.ClientRateLimitMiddleware|requestId: 80000005-0000-fc00-b63f-84710c7967bb, previousRequestId: no previous request id, message: EndpointRateLimiting is not enabled for /v1/login 
2020-10-04 22:02:21.1100||INFO|Ocelot.Authentication.Middleware.AuthenticationMiddleware|requestId: 80000005-0000-fc00-b63f-84710c7967bb, previousRequestId: no previous request id, message: No authentication needed for /v1/login 
2020-10-04 22:02:21.1100||INFO|Ocelot.Authorisation.Middleware.AuthorisationMiddleware|requestId: 80000005-0000-fc00-b63f-84710c7967bb, previousRequestId: no previous request id, message: /v1/login route does not require user to be authorised 
2020-10-04 22:02:22.4890||INFO|Ocelot.RateLimit.Middleware.ClientRateLimitMiddleware|requestId: 80000006-0000-fc00-b63f-84710c7967bb, previousRequestId: no previous request id, message: EndpointRateLimiting is not enabled for /v1/login 
2020-10-04 22:02:22.5006||INFO|Ocelot.Authentication.Middleware.AuthenticationMiddleware|requestId: 80000006-0000-fc00-b63f-84710c7967bb, previousRequestId: no previous request id, message: No authentication needed for /v1/login 
2020-10-04 22:02:22.5006||INFO|Ocelot.Authorisation.Middleware.AuthorisationMiddleware|requestId: 80000006-0000-fc00-b63f-84710c7967bb, previousRequestId: no previous request id, message: /v1/login route does not require user to be authorised 
2020-10-04 22:02:23.0301||INFO|Ocelot.RateLimit.Middleware.ClientRateLimitMiddleware|requestId: 80000007-0000-fc00-b63f-84710c7967bb, previousRequestId: no previous request id, message: EndpointRateLimiting is not enabled for /v1/login 
2020-10-04 22:02:23.0301||INFO|Ocelot.Authentication.Middleware.AuthenticationMiddleware|requestId: 80000007-0000-fc00-b63f-84710c7967bb, previousRequestId: no previous request id, message: No authentication needed for /v1/login 
2020-10-04 22:02:23.0301||INFO|Ocelot.Authorisation.Middleware.AuthorisationMiddleware|requestId: 80000007-0000-fc00-b63f-84710c7967bb, previousRequestId: no previous request id, message: /v1/login route does not require user to be authorised 
2020-10-04 22:02:23.5317||INFO|Ocelot.RateLimit.Middleware.ClientRateLimitMiddleware|requestId: 80000008-0000-fc00-b63f-84710c7967bb, previousRequestId: no previous request id, message: EndpointRateLimiting is not enabled for /v1/login 
2020-10-04 22:02:23.5317||INFO|Ocelot.Authentication.Middleware.AuthenticationMiddleware|requestId: 80000008-0000-fc00-b63f-84710c7967bb, previousRequestId: no previous request id, message: No authentication needed for /v1/login 
2020-10-04 22:02:23.5317||INFO|Ocelot.Authorisation.Middleware.AuthorisationMiddleware|requestId: 80000008-0000-fc00-b63f-84710c7967bb, previousRequestId: no previous request id, message: /v1/login route does not require user to be authorised 
2020-10-04 22:02:23.7342||INFO|Ocelot.RateLimit.Middleware.ClientRateLimitMiddleware|requestId: 80000009-0000-fc00-b63f-84710c7967bb, previousRequestId: no previous request id, message: EndpointRateLimiting is not enabled for /v1/login 
2020-10-04 22:02:23.7342||INFO|Ocelot.Authentication.Middleware.AuthenticationMiddleware|requestId: 80000009-0000-fc00-b63f-84710c7967bb, previousRequestId: no previous request id, message: No authentication needed for /v1/login 
2020-10-04 22:02:23.7342||INFO|Ocelot.Authorisation.Middleware.AuthorisationMiddleware|requestId: 80000009-0000-fc00-b63f-84710c7967bb, previousRequestId: no previous request id, message: /v1/login route does not require user to be authorised 
2020-10-04 22:02:32.1425||INFO|Ocelot.RateLimit.Middleware.ClientRateLimitMiddleware|requestId: 8000000b-0000-fc00-b63f-84710c7967bb, previousRequestId: no previous request id, message: EndpointRateLimiting is not enabled for /v1/login 
2020-10-04 22:02:32.1425||INFO|Ocelot.Authentication.Middleware.AuthenticationMiddleware|requestId: 8000000b-0000-fc00-b63f-84710c7967bb, previousRequestId: no previous request id, message: No authentication needed for /v1/login 
2020-10-04 22:02:32.1425||INFO|Ocelot.Authorisation.Middleware.AuthorisationMiddleware|requestId: 8000000b-0000-fc00-b63f-84710c7967bb, previousRequestId: no previous request id, message: /v1/login route does not require user to be authorised 
2020-10-04 22:02:33.7025||INFO|Ocelot.RateLimit.Middleware.ClientRateLimitMiddleware|requestId: 8000000c-0000-fc00-b63f-84710c7967bb, previousRequestId: no previous request id, message: EndpointRateLimiting is not enabled for /v1/login 
2020-10-04 22:02:33.7025||INFO|Ocelot.Authentication.Middleware.AuthenticationMiddleware|requestId: 8000000c-0000-fc00-b63f-84710c7967bb, previousRequestId: no previous request id, message: No authentication needed for /v1/login 
2020-10-04 22:02:33.7025||INFO|Ocelot.Authorisation.Middleware.AuthorisationMiddleware|requestId: 8000000c-0000-fc00-b63f-84710c7967bb, previousRequestId: no previous request id, message: /v1/login route does not require user to be authorised 
2020-10-04 22:02:33.8791||INFO|Ocelot.Requester.Middleware.HttpRequesterMiddleware|requestId: 8000000c-0000-fc00-b63f-84710c7967bb, previousRequestId: no previous request id, message: 200 (OK) status code, request uri: http://localhost:5100/v1/login 
2020-10-04 22:02:34.2438||INFO|Ocelot.RateLimit.Middleware.ClientRateLimitMiddleware|requestId: 8000000d-0000-fc00-b63f-84710c7967bb, previousRequestId: no previous request id, message: EndpointRateLimiting is not enabled for /v1/login 
2020-10-04 22:02:34.2438||INFO|Ocelot.Authentication.Middleware.AuthenticationMiddleware|requestId: 8000000d-0000-fc00-b63f-84710c7967bb, previousRequestId: no previous request id, message: No authentication needed for /v1/login 
2020-10-04 22:02:34.2479||INFO|Ocelot.Authorisation.Middleware.AuthorisationMiddleware|requestId: 8000000d-0000-fc00-b63f-84710c7967bb, previousRequestId: no previous request id, message: /v1/login route does not require user to be authorised 
2020-10-04 22:02:34.8136||INFO|Ocelot.RateLimit.Middleware.ClientRateLimitMiddleware|requestId: 8000000e-0000-fc00-b63f-84710c7967bb, previousRequestId: no previous request id, message: EndpointRateLimiting is not enabled for /v1/login 
2020-10-04 22:02:34.8136||INFO|Ocelot.Authentication.Middleware.AuthenticationMiddleware|requestId: 8000000e-0000-fc00-b63f-84710c7967bb, previousRequestId: no previous request id, message: No authentication needed for /v1/login 
2020-10-04 22:02:34.8136||INFO|Ocelot.Authorisation.Middleware.AuthorisationMiddleware|requestId: 8000000e-0000-fc00-b63f-84710c7967bb, previousRequestId: no previous request id, message: /v1/login route does not require user to be authorised 
2020-10-04 22:02:35.2229||INFO|Ocelot.RateLimit.Middleware.ClientRateLimitMiddleware|requestId: 8000000f-0000-fc00-b63f-84710c7967bb, previousRequestId: no previous request id, message: EndpointRateLimiting is not enabled for /v1/login 
2020-10-04 22:02:35.2229||INFO|Ocelot.Authentication.Middleware.AuthenticationMiddleware|requestId: 8000000f-0000-fc00-b63f-84710c7967bb, previousRequestId: no previous request id, message: No authentication needed for /v1/login 
2020-10-04 22:02:35.2229||INFO|Ocelot.Authorisation.Middleware.AuthorisationMiddleware|requestId: 8000000f-0000-fc00-b63f-84710c7967bb, previousRequestId: no previous request id, message: /v1/login route does not require user to be authorised 
2020-10-04 22:02:35.8408||INFO|Ocelot.RateLimit.Middleware.ClientRateLimitMiddleware|requestId: 80000010-0000-fc00-b63f-84710c7967bb, previousRequestId: no previous request id, message: EndpointRateLimiting is not enabled for /v1/login 
2020-10-04 22:02:35.8408||INFO|Ocelot.Authentication.Middleware.AuthenticationMiddleware|requestId: 80000010-0000-fc00-b63f-84710c7967bb, previousRequestId: no previous request id, message: No authentication needed for /v1/login 
2020-10-04 22:02:35.8408||INFO|Ocelot.Authorisation.Middleware.AuthorisationMiddleware|requestId: 80000010-0000-fc00-b63f-84710c7967bb, previousRequestId: no previous request id, message: /v1/login route does not require user to be authorised 
2020-10-04 22:02:36.3033||INFO|Ocelot.RateLimit.Middleware.ClientRateLimitMiddleware|requestId: 80000011-0000-fc00-b63f-84710c7967bb, previousRequestId: no previous request id, message: EndpointRateLimiting is not enabled for /v1/login 
2020-10-04 22:02:36.3033||INFO|Ocelot.Authentication.Middleware.AuthenticationMiddleware|requestId: 80000011-0000-fc00-b63f-84710c7967bb, previousRequestId: no previous request id, message: No authentication needed for /v1/login 
2020-10-04 22:02:36.3094||INFO|Ocelot.Authorisation.Middleware.AuthorisationMiddleware|requestId: 80000011-0000-fc00-b63f-84710c7967bb, previousRequestId: no previous request id, message: /v1/login route does not require user to be authorised 
2020-10-04 22:02:36.8801||INFO|Ocelot.RateLimit.Middleware.ClientRateLimitMiddleware|requestId: 80000012-0000-fc00-b63f-84710c7967bb, previousRequestId: no previous request id, message: EndpointRateLimiting is not enabled for /v1/login 
2020-10-04 22:02:36.8801||INFO|Ocelot.Authentication.Middleware.AuthenticationMiddleware|requestId: 80000012-0000-fc00-b63f-84710c7967bb, previousRequestId: no previous request id, message: No authentication needed for /v1/login 
2020-10-04 22:02:36.8801||INFO|Ocelot.Authorisation.Middleware.AuthorisationMiddleware|requestId: 80000012-0000-fc00-b63f-84710c7967bb, previousRequestId: no previous request id, message: /v1/login route does not require user to be authorised 
2020-10-04 22:02:37.7274||INFO|Ocelot.RateLimit.Middleware.ClientRateLimitMiddleware|requestId: 80000013-0000-fc00-b63f-84710c7967bb, previousRequestId: no previous request id, message: EndpointRateLimiting is not enabled for /v1/login 
2020-10-04 22:02:37.7274||INFO|Ocelot.Authentication.Middleware.AuthenticationMiddleware|requestId: 80000013-0000-fc00-b63f-84710c7967bb, previousRequestId: no previous request id, message: No authentication needed for /v1/login 
2020-10-04 22:02:37.7274||INFO|Ocelot.Authorisation.Middleware.AuthorisationMiddleware|requestId: 80000013-0000-fc00-b63f-84710c7967bb, previousRequestId: no previous request id, message: /v1/login route does not require user to be authorised 
2020-10-04 22:02:38.2430||INFO|Ocelot.RateLimit.Middleware.ClientRateLimitMiddleware|requestId: 80000015-0000-fc00-b63f-84710c7967bb, previousRequestId: no previous request id, message: EndpointRateLimiting is not enabled for /v1/login 
2020-10-04 22:02:38.2430||INFO|Ocelot.Authentication.Middleware.AuthenticationMiddleware|requestId: 80000015-0000-fc00-b63f-84710c7967bb, previousRequestId: no previous request id, message: No authentication needed for /v1/login 
2020-10-04 22:02:38.2476||INFO|Ocelot.Authorisation.Middleware.AuthorisationMiddleware|requestId: 80000015-0000-fc00-b63f-84710c7967bb, previousRequestId: no previous request id, message: /v1/login route does not require user to be authorised 
2020-10-04 22:02:38.9206||INFO|Ocelot.RateLimit.Middleware.ClientRateLimitMiddleware|requestId: 80000016-0000-fc00-b63f-84710c7967bb, previousRequestId: no previous request id, message: EndpointRateLimiting is not enabled for /v1/login 
2020-10-04 22:02:38.9206||INFO|Ocelot.Authentication.Middleware.AuthenticationMiddleware|requestId: 80000016-0000-fc00-b63f-84710c7967bb, previousRequestId: no previous request id, message: No authentication needed for /v1/login 
2020-10-04 22:02:38.9206||INFO|Ocelot.Authorisation.Middleware.AuthorisationMiddleware|requestId: 80000016-0000-fc00-b63f-84710c7967bb, previousRequestId: no previous request id, message: /v1/login route does not require user to be authorised 
2020-10-04 22:02:39.3823||INFO|Ocelot.RateLimit.Middleware.ClientRateLimitMiddleware|requestId: 80000017-0000-fc00-b63f-84710c7967bb, previousRequestId: no previous request id, message: EndpointRateLimiting is not enabled for /v1/login 
2020-10-04 22:02:39.3823||INFO|Ocelot.Authentication.Middleware.AuthenticationMiddleware|requestId: 80000017-0000-fc00-b63f-84710c7967bb, previousRequestId: no previous request id, message: No authentication needed for /v1/login 
2020-10-04 22:02:39.3823||INFO|Ocelot.Authorisation.Middleware.AuthorisationMiddleware|requestId: 80000017-0000-fc00-b63f-84710c7967bb, previousRequestId: no previous request id, message: /v1/login route does not require user to be authorised 
2020-10-04 22:02:44.9102||INFO|Ocelot.RateLimit.Middleware.ClientRateLimitMiddleware|requestId: 80000018-0000-fc00-b63f-84710c7967bb, previousRequestId: no previous request id, message: EndpointRateLimiting is not enabled for /v1/login 
2020-10-04 22:02:44.9102||INFO|Ocelot.Authentication.Middleware.AuthenticationMiddleware|requestId: 80000018-0000-fc00-b63f-84710c7967bb, previousRequestId: no previous request id, message: No authentication needed for /v1/login 
2020-10-04 22:02:44.9102||INFO|Ocelot.Authorisation.Middleware.AuthorisationMiddleware|requestId: 80000018-0000-fc00-b63f-84710c7967bb, previousRequestId: no previous request id, message: /v1/login route does not require user to be authorised 
2020-10-04 22:02:48.9085||INFO|Ocelot.RateLimit.Middleware.ClientRateLimitMiddleware|requestId: 8000000e-0002-fe00-b63f-84710c7967bb, previousRequestId: no previous request id, message: EndpointRateLimiting is not enabled for /v1/login 
2020-10-04 22:02:48.9085||INFO|Ocelot.Authentication.Middleware.AuthenticationMiddleware|requestId: 8000000e-0002-fe00-b63f-84710c7967bb, previousRequestId: no previous request id, message: No authentication needed for /v1/login 
2020-10-04 22:02:48.9085||INFO|Ocelot.Authorisation.Middleware.AuthorisationMiddleware|requestId: 8000000e-0002-fe00-b63f-84710c7967bb, previousRequestId: no previous request id, message: /v1/login route does not require user to be authorised 
2020-10-04 22:02:49.0529||INFO|Ocelot.Requester.Middleware.HttpRequesterMiddleware|requestId: 8000000e-0002-fe00-b63f-84710c7967bb, previousRequestId: no previous request id, message: 200 (OK) status code, request uri: http://localhost:5100/v1/login 
2020-10-04 22:03:36.6993||INFO|Ocelot.RateLimit.Middleware.ClientRateLimitMiddleware|requestId: 80000012-0001-fe00-b63f-84710c7967bb, previousRequestId: no previous request id, message: EndpointRateLimiting is not enabled for /v1/register 
2020-10-04 22:03:36.7028||INFO|Ocelot.Authentication.Middleware.AuthenticationMiddleware|requestId: 80000012-0001-fe00-b63f-84710c7967bb, previousRequestId: no previous request id, message: No authentication needed for /v1/register 
2020-10-04 22:03:36.7028||INFO|Ocelot.Authorisation.Middleware.AuthorisationMiddleware|requestId: 80000012-0001-fe00-b63f-84710c7967bb, previousRequestId: no previous request id, message: /v1/register route does not require user to be authorised 
2020-10-04 22:03:36.8111||WARN|Ocelot.Requester.Middleware.HttpRequesterMiddleware|requestId: 80000012-0001-fe00-b63f-84710c7967bb, previousRequestId: no previous request id, message: 409 (Conflict) status code, request uri: http://localhost:5100/v1/register 
2020-10-04 22:03:54.3356||INFO|Ocelot.RateLimit.Middleware.ClientRateLimitMiddleware|requestId: 80000014-0001-fe00-b63f-84710c7967bb, previousRequestId: no previous request id, message: EndpointRateLimiting is not enabled for /v1/register 
2020-10-04 22:03:54.3356||INFO|Ocelot.Authentication.Middleware.AuthenticationMiddleware|requestId: 80000014-0001-fe00-b63f-84710c7967bb, previousRequestId: no previous request id, message: No authentication needed for /v1/register 
2020-10-04 22:03:54.3356||INFO|Ocelot.Authorisation.Middleware.AuthorisationMiddleware|requestId: 80000014-0001-fe00-b63f-84710c7967bb, previousRequestId: no previous request id, message: /v1/register route does not require user to be authorised 
2020-10-04 22:03:55.6286||WARN|Ocelot.Requester.Middleware.HttpRequesterMiddleware|requestId: 80000014-0001-fe00-b63f-84710c7967bb, previousRequestId: no previous request id, message: 500 (Internal Server Error) status code, request uri: http://localhost:5100/v1/register 
2020-10-04 22:08:12.6703||DEBUG|APIGateway.Program|init main function 
2020-10-04 22:08:13.8875||INFO|Microsoft.Hosting.Lifetime|Application started. Press Ctrl+C to shut down. 
2020-10-04 22:08:13.8875||INFO|Microsoft.Hosting.Lifetime|Hosting environment: Development 
2020-10-04 22:08:13.8875||INFO|Microsoft.Hosting.Lifetime|Content root path: C:\iFind\iFind\APIGateway 
2020-10-04 22:08:14.0474||INFO|Ocelot.RateLimit.Middleware.ClientRateLimitMiddleware|requestId: 80000016-0001-fe00-b63f-84710c7967bb, previousRequestId: no previous request id, message: EndpointRateLimiting is not enabled for /v1/register 
2020-10-04 22:08:14.0474||INFO|Ocelot.Authentication.Middleware.AuthenticationMiddleware|requestId: 80000016-0001-fe00-b63f-84710c7967bb, previousRequestId: no previous request id, message: No authentication needed for /v1/register 
2020-10-04 22:08:14.0474||INFO|Ocelot.Authorisation.Middleware.AuthorisationMiddleware|requestId: 80000016-0001-fe00-b63f-84710c7967bb, previousRequestId: no previous request id, message: /v1/register route does not require user to be authorised 
2020-10-04 22:08:16.8937||INFO|Ocelot.Requester.Middleware.HttpRequesterMiddleware|requestId: 80000016-0001-fe00-b63f-84710c7967bb, previousRequestId: no previous request id, message: 400 (Bad Request) status code, request uri: http://localhost:5100/v1/register 
2020-10-04 22:09:44.7180||DEBUG|APIGateway.Program|init main function 
2020-10-04 22:09:45.8804||INFO|Microsoft.Hosting.Lifetime|Application started. Press Ctrl+C to shut down. 
2020-10-04 22:09:45.8804||INFO|Microsoft.Hosting.Lifetime|Hosting environment: Development 
2020-10-04 22:09:45.8915||INFO|Microsoft.Hosting.Lifetime|Content root path: C:\iFind\iFind\APIGateway 
2020-10-04 22:09:46.0372||INFO|Ocelot.RateLimit.Middleware.ClientRateLimitMiddleware|requestId: 80000015-0001-fb00-b63f-84710c7967bb, previousRequestId: no previous request id, message: EndpointRateLimiting is not enabled for /v1/register 
2020-10-04 22:09:46.0435||INFO|Ocelot.Authentication.Middleware.AuthenticationMiddleware|requestId: 80000015-0001-fb00-b63f-84710c7967bb, previousRequestId: no previous request id, message: No authentication needed for /v1/register 
2020-10-04 22:09:46.0435||INFO|Ocelot.Authorisation.Middleware.AuthorisationMiddleware|requestId: 80000015-0001-fb00-b63f-84710c7967bb, previousRequestId: no previous request id, message: /v1/register route does not require user to be authorised 
2020-10-04 22:09:49.1307||INFO|Ocelot.Requester.Middleware.HttpRequesterMiddleware|requestId: 80000015-0001-fb00-b63f-84710c7967bb, previousRequestId: no previous request id, message: 200 (OK) status code, request uri: http://localhost:5100/v1/register 
2020-10-04 22:11:17.0887||INFO|Ocelot.RateLimit.Middleware.ClientRateLimitMiddleware|requestId: 80000002-0003-fd00-b63f-84710c7967bb, previousRequestId: no previous request id, message: EndpointRateLimiting is not enabled for /v1/login 
2020-10-04 22:11:17.0887||INFO|Ocelot.Authentication.Middleware.AuthenticationMiddleware|requestId: 80000002-0003-fd00-b63f-84710c7967bb, previousRequestId: no previous request id, message: No authentication needed for /v1/login 
2020-10-04 22:11:17.0914||INFO|Ocelot.Authorisation.Middleware.AuthorisationMiddleware|requestId: 80000002-0003-fd00-b63f-84710c7967bb, previousRequestId: no previous request id, message: /v1/login route does not require user to be authorised 
2020-10-04 22:11:17.4574||INFO|Ocelot.Requester.Middleware.HttpRequesterMiddleware|requestId: 80000002-0003-fd00-b63f-84710c7967bb, previousRequestId: no previous request id, message: 200 (OK) status code, request uri: http://localhost:5100/v1/login 
2020-10-04 22:12:06.0780||INFO|Ocelot.RateLimit.Middleware.ClientRateLimitMiddleware|requestId: 8000001a-0001-fe00-b63f-84710c7967bb, previousRequestId: no previous request id, message: EndpointRateLimiting is not enabled for /v1/users 
2020-10-04 22:12:06.0923||INFO|Ocelot.Authentication.Middleware.AuthenticationMiddleware|requestId: 8000001a-0001-fe00-b63f-84710c7967bb, previousRequestId: no previous request id, message: No authentication needed for /v1/users 
2020-10-04 22:12:06.1066||INFO|Ocelot.Authorisation.Middleware.AuthorisationMiddleware|requestId: 8000001a-0001-fe00-b63f-84710c7967bb, previousRequestId: no previous request id, message: /v1/users route does not require user to be authorised 
2020-10-04 22:12:06.1807||WARN|Ocelot.Requester.Middleware.HttpRequesterMiddleware|requestId: 8000001a-0001-fe00-b63f-84710c7967bb, previousRequestId: no previous request id, message: 405 (Method Not Allowed) status code, request uri: http://localhost:5100/v1/users 
2020-10-04 22:12:11.8323||INFO|Ocelot.RateLimit.Middleware.ClientRateLimitMiddleware|requestId: 8000001b-0001-fe00-b63f-84710c7967bb, previousRequestId: no previous request id, message: EndpointRateLimiting is not enabled for /v1/users 
2020-10-04 22:12:11.8323||INFO|Ocelot.Authentication.Middleware.AuthenticationMiddleware|requestId: 8000001b-0001-fe00-b63f-84710c7967bb, previousRequestId: no previous request id, message: No authentication needed for /v1/users 
2020-10-04 22:12:11.8323||INFO|Ocelot.Authorisation.Middleware.AuthorisationMiddleware|requestId: 8000001b-0001-fe00-b63f-84710c7967bb, previousRequestId: no previous request id, message: /v1/users route does not require user to be authorised 
2020-10-04 22:12:11.9250||INFO|Ocelot.Requester.Middleware.HttpRequesterMiddleware|requestId: 8000001b-0001-fe00-b63f-84710c7967bb, previousRequestId: no previous request id, message: 200 (OK) status code, request uri: http://localhost:5100/v1/users 
2020-10-04 22:12:41.0942||INFO|Ocelot.RateLimit.Middleware.ClientRateLimitMiddleware|requestId: 8000001d-0001-fe00-b63f-84710c7967bb, previousRequestId: no previous request id, message: EndpointRateLimiting is not enabled for /v1/users 
2020-10-04 22:12:41.0942||INFO|Ocelot.Authentication.Middleware.AuthenticationMiddleware|requestId: 8000001d-0001-fe00-b63f-84710c7967bb, previousRequestId: no previous request id, message: No authentication needed for /v1/users 
2020-10-04 22:12:41.0942||INFO|Ocelot.Authorisation.Middleware.AuthorisationMiddleware|requestId: 8000001d-0001-fe00-b63f-84710c7967bb, previousRequestId: no previous request id, message: /v1/users route does not require user to be authorised 
2020-10-04 22:12:41.1855||INFO|Ocelot.Requester.Middleware.HttpRequesterMiddleware|requestId: 8000001d-0001-fe00-b63f-84710c7967bb, previousRequestId: no previous request id, message: 200 (OK) status code, request uri: http://localhost:5100/v1/users 
2020-10-04 22:12:47.5749||INFO|Ocelot.RateLimit.Middleware.ClientRateLimitMiddleware|requestId: 8000000b-0000-ff00-b63f-84710c7967bb, previousRequestId: no previous request id, message: EndpointRateLimiting is not enabled for /v1/register 
2020-10-04 22:12:47.5749||INFO|Ocelot.Authentication.Middleware.AuthenticationMiddleware|requestId: 8000000b-0000-ff00-b63f-84710c7967bb, previousRequestId: no previous request id, message: No authentication needed for /v1/register 
2020-10-04 22:12:47.5749||INFO|Ocelot.Authorisation.Middleware.AuthorisationMiddleware|requestId: 8000000b-0000-ff00-b63f-84710c7967bb, previousRequestId: no previous request id, message: /v1/register route does not require user to be authorised 
2020-10-04 22:12:47.6654||WARN|Ocelot.Requester.Middleware.HttpRequesterMiddleware|requestId: 8000000b-0000-ff00-b63f-84710c7967bb, previousRequestId: no previous request id, message: 409 (Conflict) status code, request uri: http://localhost:5100/v1/register 
2020-10-04 22:12:53.0916||INFO|Ocelot.RateLimit.Middleware.ClientRateLimitMiddleware|requestId: 8000000c-0000-ff00-b63f-84710c7967bb, previousRequestId: no previous request id, message: EndpointRateLimiting is not enabled for /v1/login 
2020-10-04 22:12:53.0916||INFO|Ocelot.Authentication.Middleware.AuthenticationMiddleware|requestId: 8000000c-0000-ff00-b63f-84710c7967bb, previousRequestId: no previous request id, message: No authentication needed for /v1/login 
2020-10-04 22:12:53.0916||INFO|Ocelot.Authorisation.Middleware.AuthorisationMiddleware|requestId: 8000000c-0000-ff00-b63f-84710c7967bb, previousRequestId: no previous request id, message: /v1/login route does not require user to be authorised 
2020-10-04 22:12:53.3509||INFO|Ocelot.Requester.Middleware.HttpRequesterMiddleware|requestId: 8000000c-0000-ff00-b63f-84710c7967bb, previousRequestId: no previous request id, message: 200 (OK) status code, request uri: http://localhost:5100/v1/login 
