2020-10-07 17:03:44.2625||DEBUG|APIGateway.Program|init main function 
2020-10-07 17:03:45.5591||INFO|Microsoft.Hosting.Lifetime|Application started. Press Ctrl+C to shut down. 
2020-10-07 17:03:45.5639||INFO|Microsoft.Hosting.Lifetime|Hosting environment: Development 
2020-10-07 17:03:45.5639||INFO|Microsoft.Hosting.Lifetime|Content root path: C:\iFind\iFind\APIGateway 
2020-10-07 17:03:45.7137||INFO|Ocelot.RateLimit.Middleware.ClientRateLimitMiddleware|requestId: 80000012-0001-ff00-b63f-84710c7967bb, previousRequestId: no previous request id, message: EndpointRateLimiting is not enabled for /v1/users/{id} 
2020-10-07 17:03:45.7192||INFO|Ocelot.Authentication.Middleware.AuthenticationMiddleware|requestId: 80000012-0001-ff00-b63f-84710c7967bb, previousRequestId: no previous request id, message: No authentication needed for /v1/users/all 
2020-10-07 17:03:45.7192||INFO|Ocelot.Authorisation.Middleware.AuthorisationMiddleware|requestId: 80000012-0001-ff00-b63f-84710c7967bb, previousRequestId: no previous request id, message: /v1/users/{id} route does not require user to be authorised 
2020-10-07 17:03:46.4600||INFO|Ocelot.Requester.Middleware.HttpRequesterMiddleware|requestId: 80000012-0001-ff00-b63f-84710c7967bb, previousRequestId: no previous request id, message: 400 (Bad Request) status code, request uri: http://localhost:5100/v1/users/all 
2020-10-07 17:04:33.6475||DEBUG|APIGateway.Program|init main function 
2020-10-07 17:04:34.7914||INFO|Microsoft.Hosting.Lifetime|Application started. Press Ctrl+C to shut down. 
2020-10-07 17:04:34.7953||INFO|Microsoft.Hosting.Lifetime|Hosting environment: Development 
2020-10-07 17:04:34.7953||INFO|Microsoft.Hosting.Lifetime|Content root path: C:\iFind\iFind\APIGateway 
2020-10-07 17:04:34.9406||INFO|Ocelot.RateLimit.Middleware.ClientRateLimitMiddleware|requestId: 80000016-0001-fd00-b63f-84710c7967bb, previousRequestId: no previous request id, message: EndpointRateLimiting is not enabled for /v1/users/{id} 
2020-10-07 17:04:34.9406||INFO|Ocelot.Authentication.Middleware.AuthenticationMiddleware|requestId: 80000016-0001-fd00-b63f-84710c7967bb, previousRequestId: no previous request id, message: No authentication needed for /v1/users/all 
2020-10-07 17:04:34.9406||INFO|Ocelot.Authorisation.Middleware.AuthorisationMiddleware|requestId: 80000016-0001-fd00-b63f-84710c7967bb, previousRequestId: no previous request id, message: /v1/users/{id} route does not require user to be authorised 
2020-10-07 17:05:00.4910||INFO|Ocelot.Requester.Middleware.HttpRequesterMiddleware|requestId: 80000016-0001-fd00-b63f-84710c7967bb, previousRequestId: no previous request id, message: 200 (OK) status code, request uri: http://localhost:5100/v1/users/all 
2020-10-07 17:05:06.7838||INFO|Ocelot.RateLimit.Middleware.ClientRateLimitMiddleware|requestId: 80000011-0002-ff00-b63f-84710c7967bb, previousRequestId: no previous request id, message: EndpointRateLimiting is not enabled for /v1/users/{id} 
2020-10-07 17:05:06.7838||INFO|Ocelot.Authentication.Middleware.AuthenticationMiddleware|requestId: 80000011-0002-ff00-b63f-84710c7967bb, previousRequestId: no previous request id, message: No authentication needed for /v1/users/all 
2020-10-07 17:05:06.7838||INFO|Ocelot.Authorisation.Middleware.AuthorisationMiddleware|requestId: 80000011-0002-ff00-b63f-84710c7967bb, previousRequestId: no previous request id, message: /v1/users/{id} route does not require user to be authorised 
2020-10-07 17:06:08.2774||DEBUG|APIGateway.Program|init main function 
2020-10-07 17:06:09.3580||INFO|Microsoft.Hosting.Lifetime|Application started. Press Ctrl+C to shut down. 
2020-10-07 17:06:09.3580||INFO|Microsoft.Hosting.Lifetime|Hosting environment: Development 
2020-10-07 17:06:09.3737||INFO|Microsoft.Hosting.Lifetime|Content root path: C:\iFind\iFind\APIGateway 
2020-10-07 17:06:09.5109||INFO|Ocelot.RateLimit.Middleware.ClientRateLimitMiddleware|requestId: 8000001a-0000-ff00-b63f-84710c7967bb, previousRequestId: no previous request id, message: EndpointRateLimiting is not enabled for /v1/users/{id} 
2020-10-07 17:06:09.5159||INFO|Ocelot.Authentication.Middleware.AuthenticationMiddleware|requestId: 8000001a-0000-ff00-b63f-84710c7967bb, previousRequestId: no previous request id, message: No authentication needed for /v1/users/all 
2020-10-07 17:06:09.5159||INFO|Ocelot.Authorisation.Middleware.AuthorisationMiddleware|requestId: 8000001a-0000-ff00-b63f-84710c7967bb, previousRequestId: no previous request id, message: /v1/users/{id} route does not require user to be authorised 
2020-10-07 17:06:11.9290||INFO|Ocelot.Requester.Middleware.HttpRequesterMiddleware|requestId: 8000001a-0000-ff00-b63f-84710c7967bb, previousRequestId: no previous request id, message: 200 (OK) status code, request uri: http://localhost:5100/v1/users/all 
2020-10-07 17:10:36.3612||INFO|Ocelot.RateLimit.Middleware.ClientRateLimitMiddleware|requestId: 8000001c-0000-ff00-b63f-84710c7967bb, previousRequestId: no previous request id, message: EndpointRateLimiting is not enabled for /v1/users/{id} 
2020-10-07 17:10:36.3612||INFO|Ocelot.Authentication.Middleware.AuthenticationMiddleware|requestId: 8000001c-0000-ff00-b63f-84710c7967bb, previousRequestId: no previous request id, message: No authentication needed for /v1/users/all 
2020-10-07 17:10:36.3612||INFO|Ocelot.Authorisation.Middleware.AuthorisationMiddleware|requestId: 8000001c-0000-ff00-b63f-84710c7967bb, previousRequestId: no previous request id, message: /v1/users/{id} route does not require user to be authorised 
2020-10-07 17:10:36.5159||INFO|Ocelot.Requester.Middleware.HttpRequesterMiddleware|requestId: 8000001c-0000-ff00-b63f-84710c7967bb, previousRequestId: no previous request id, message: 200 (OK) status code, request uri: http://localhost:5100/v1/users/all 
2020-10-07 17:12:33.1519||DEBUG|APIGateway.Program|init main function 
2020-10-07 17:12:34.2395||INFO|Microsoft.Hosting.Lifetime|Application started. Press Ctrl+C to shut down. 
2020-10-07 17:12:34.2486||INFO|Microsoft.Hosting.Lifetime|Hosting environment: Development 
2020-10-07 17:12:34.2486||INFO|Microsoft.Hosting.Lifetime|Content root path: C:\iFind\iFind\APIGateway 
2020-10-07 17:12:34.3991||INFO|Ocelot.RateLimit.Middleware.ClientRateLimitMiddleware|requestId: 80000015-0001-ff00-b63f-84710c7967bb, previousRequestId: no previous request id, message: EndpointRateLimiting is not enabled for /v1/users/{id} 
2020-10-07 17:12:34.4041||INFO|Ocelot.Authentication.Middleware.AuthenticationMiddleware|requestId: 80000015-0001-ff00-b63f-84710c7967bb, previousRequestId: no previous request id, message: No authentication needed for /v1/users/all 
2020-10-07 17:12:34.4041||INFO|Ocelot.Authorisation.Middleware.AuthorisationMiddleware|requestId: 80000015-0001-ff00-b63f-84710c7967bb, previousRequestId: no previous request id, message: /v1/users/{id} route does not require user to be authorised 
2020-10-07 17:12:36.9281||INFO|Ocelot.Requester.Middleware.HttpRequesterMiddleware|requestId: 80000015-0001-ff00-b63f-84710c7967bb, previousRequestId: no previous request id, message: 200 (OK) status code, request uri: http://localhost:5100/v1/users/all 
2020-10-07 19:25:14.1969||DEBUG|APIGateway.Program|init main function 
2020-10-07 19:25:15.4538||INFO|Microsoft.Hosting.Lifetime|Application started. Press Ctrl+C to shut down. 
2020-10-07 19:25:15.4538||INFO|Microsoft.Hosting.Lifetime|Hosting environment: Development 
2020-10-07 19:25:15.4856||INFO|Microsoft.Hosting.Lifetime|Content root path: C:\iFind\iFind\APIGateway 
2020-10-07 19:25:15.6098||INFO|Ocelot.RateLimit.Middleware.ClientRateLimitMiddleware|requestId: 80000009-0000-fa00-b63f-84710c7967bb, previousRequestId: no previous request id, message: EndpointRateLimiting is not enabled for /v1/users/{id} 
2020-10-07 19:25:15.6098||INFO|Ocelot.Authentication.Middleware.AuthenticationMiddleware|requestId: 80000009-0000-fa00-b63f-84710c7967bb, previousRequestId: no previous request id, message: No authentication needed for /v1/users/all 
2020-10-07 19:25:15.6098||INFO|Ocelot.Authorisation.Middleware.AuthorisationMiddleware|requestId: 80000009-0000-fa00-b63f-84710c7967bb, previousRequestId: no previous request id, message: /v1/users/{id} route does not require user to be authorised 
2020-10-07 19:25:18.0558||INFO|Ocelot.Requester.Middleware.HttpRequesterMiddleware|requestId: 80000009-0000-fa00-b63f-84710c7967bb, previousRequestId: no previous request id, message: 200 (OK) status code, request uri: http://localhost:5100/v1/users/all 
2020-10-07 20:01:13.2884||INFO|Ocelot.RateLimit.Middleware.ClientRateLimitMiddleware|requestId: 8000000c-0003-fd00-b63f-84710c7967bb, previousRequestId: no previous request id, message: EndpointRateLimiting is not enabled for /v1/users/{id} 
2020-10-07 20:01:13.2884||INFO|Ocelot.Authentication.Middleware.AuthenticationMiddleware|requestId: 8000000c-0003-fd00-b63f-84710c7967bb, previousRequestId: no previous request id, message: No authentication needed for /v1/users/all 
2020-10-07 20:01:13.2884||INFO|Ocelot.Authorisation.Middleware.AuthorisationMiddleware|requestId: 8000000c-0003-fd00-b63f-84710c7967bb, previousRequestId: no previous request id, message: /v1/users/{id} route does not require user to be authorised 
2020-10-07 20:01:14.0784||INFO|Ocelot.Requester.Middleware.HttpRequesterMiddleware|requestId: 8000000c-0003-fd00-b63f-84710c7967bb, previousRequestId: no previous request id, message: 200 (OK) status code, request uri: http://localhost:5100/v1/users/all 
2020-10-07 20:01:17.7844||INFO|Ocelot.RateLimit.Middleware.ClientRateLimitMiddleware|requestId: 8000000d-0003-fd00-b63f-84710c7967bb, previousRequestId: no previous request id, message: EndpointRateLimiting is not enabled for /v1/users/{id} 
2020-10-07 20:01:17.7844||INFO|Ocelot.Authentication.Middleware.AuthenticationMiddleware|requestId: 8000000d-0003-fd00-b63f-84710c7967bb, previousRequestId: no previous request id, message: No authentication needed for /v1/users/all 
2020-10-07 20:01:17.7844||INFO|Ocelot.Authorisation.Middleware.AuthorisationMiddleware|requestId: 8000000d-0003-fd00-b63f-84710c7967bb, previousRequestId: no previous request id, message: /v1/users/{id} route does not require user to be authorised 
2020-10-07 20:01:20.8067||INFO|Ocelot.RateLimit.Middleware.ClientRateLimitMiddleware|requestId: 8000000e-0003-fd00-b63f-84710c7967bb, previousRequestId: no previous request id, message: EndpointRateLimiting is not enabled for /v1/users/{id} 
2020-10-07 20:01:20.8067||INFO|Ocelot.Authentication.Middleware.AuthenticationMiddleware|requestId: 8000000e-0003-fd00-b63f-84710c7967bb, previousRequestId: no previous request id, message: No authentication needed for /v1/users/all 
2020-10-07 20:01:20.8110||INFO|Ocelot.Authorisation.Middleware.AuthorisationMiddleware|requestId: 8000000e-0003-fd00-b63f-84710c7967bb, previousRequestId: no previous request id, message: /v1/users/{id} route does not require user to be authorised 
2020-10-07 20:01:25.4126||INFO|Ocelot.RateLimit.Middleware.ClientRateLimitMiddleware|requestId: 80000016-0002-ff00-b63f-84710c7967bb, previousRequestId: no previous request id, message: EndpointRateLimiting is not enabled for /v1/users/{id} 
2020-10-07 20:01:25.4126||INFO|Ocelot.Authentication.Middleware.AuthenticationMiddleware|requestId: 80000016-0002-ff00-b63f-84710c7967bb, previousRequestId: no previous request id, message: No authentication needed for /v1/users/all 
2020-10-07 20:01:25.4126||INFO|Ocelot.Authorisation.Middleware.AuthorisationMiddleware|requestId: 80000016-0002-ff00-b63f-84710c7967bb, previousRequestId: no previous request id, message: /v1/users/{id} route does not require user to be authorised 
2020-10-07 20:01:27.3681||INFO|Ocelot.RateLimit.Middleware.ClientRateLimitMiddleware|requestId: 80000017-0002-ff00-b63f-84710c7967bb, previousRequestId: no previous request id, message: EndpointRateLimiting is not enabled for /v1/users/{id} 
2020-10-07 20:01:27.3681||INFO|Ocelot.Authentication.Middleware.AuthenticationMiddleware|requestId: 80000017-0002-ff00-b63f-84710c7967bb, previousRequestId: no previous request id, message: No authentication needed for /v1/users/all 
2020-10-07 20:01:27.3681||INFO|Ocelot.Authorisation.Middleware.AuthorisationMiddleware|requestId: 80000017-0002-ff00-b63f-84710c7967bb, previousRequestId: no previous request id, message: /v1/users/{id} route does not require user to be authorised 
2020-10-07 20:03:35.3843||DEBUG|APIGateway.Program|init main function 
2020-10-07 20:03:36.5604||INFO|Microsoft.Hosting.Lifetime|Application started. Press Ctrl+C to shut down. 
2020-10-07 20:03:36.5604||INFO|Microsoft.Hosting.Lifetime|Hosting environment: Development 
2020-10-07 20:03:36.5604||INFO|Microsoft.Hosting.Lifetime|Content root path: C:\iFind\iFind\APIGateway 
2020-10-07 20:03:36.7097||INFO|Ocelot.RateLimit.Middleware.ClientRateLimitMiddleware|requestId: 80000022-0001-fb00-b63f-84710c7967bb, previousRequestId: no previous request id, message: EndpointRateLimiting is not enabled for /v1/users/{id} 
2020-10-07 20:03:36.7097||INFO|Ocelot.Authentication.Middleware.AuthenticationMiddleware|requestId: 80000022-0001-fb00-b63f-84710c7967bb, previousRequestId: no previous request id, message: No authentication needed for /v1/users/all 
2020-10-07 20:03:36.7185||INFO|Ocelot.Authorisation.Middleware.AuthorisationMiddleware|requestId: 80000022-0001-fb00-b63f-84710c7967bb, previousRequestId: no previous request id, message: /v1/users/{id} route does not require user to be authorised 
2020-10-07 20:03:39.1392||INFO|Ocelot.Requester.Middleware.HttpRequesterMiddleware|requestId: 80000022-0001-fb00-b63f-84710c7967bb, previousRequestId: no previous request id, message: 200 (OK) status code, request uri: http://localhost:5100/v1/users/all 
